<?xml version="1.0" encoding="UTF-8"?>
<coverage generated="1703710054469" clover="3.2.0">
  <project timestamp="1703710054469" name="All files">
    <metrics statements="26" coveredstatements="0" conditionals="0" coveredconditionals="0" methods="8" coveredmethods="0" elements="34" coveredelements="0" complexity="0" loc="26" ncloc="26" packages="1" files="2" classes="2"/>
    <file name="blogs.js" path="/Users/juho/koodi/fullstack_open2023/osa5/bloglist-frontend/src/services/blogs.js">
      <metrics statements="22" coveredstatements="0" conditionals="0" coveredconditionals="0" methods="7" coveredmethods="0"/>
      <line num="2" count="0" type="stmt"/>
      <line num="4" count="0" type="stmt"/>
      <line num="6" count="0" type="stmt"/>
      <line num="7" count="0" type="stmt"/>
      <line num="8" count="0" type="stmt"/>
      <line num="11" count="0" type="stmt"/>
      <line num="12" count="0" type="stmt"/>
      <line num="15" count="0" type="stmt"/>
      <line num="16" count="0" type="stmt"/>
      <line num="19" count="0" type="stmt"/>
      <line num="20" count="0" type="stmt"/>
      <line num="21" count="0" type="stmt"/>
      <line num="24" count="0" type="stmt"/>
      <line num="25" count="0" type="stmt"/>
      <line num="26" count="0" type="stmt"/>
      <line num="29" count="0" type="stmt"/>
      <line num="30" count="0" type="stmt"/>
      <line num="31" count="0" type="stmt"/>
      <line num="34" count="0" type="stmt"/>
      <line num="35" count="0" type="stmt"/>
      <line num="38" count="0" type="stmt"/>
      <line num="39" count="0" type="stmt"/>
    </file>
    <file name="login.js" path="/Users/juho/koodi/fullstack_open2023/osa5/bloglist-frontend/src/services/login.js">
      <metrics statements="4" coveredstatements="0" conditionals="0" coveredconditionals="0" methods="1" coveredmethods="0"/>
      <line num="3" count="0" type="stmt"/>
      <line num="5" count="0" type="stmt"/>
      <line num="6" count="0" type="stmt"/>
      <line num="7" count="0" type="stmt"/>
    </file>
  </project>
</coverage>
